<?xml version="1.0" encoding="UTF-8"?>
<testsuite xmlns:xsi="http://www.w3.org/2001/XMLSchema-instance" xsi:noNamespaceSchemaLocation="https://maven.apache.org/surefire/maven-surefire-plugin/xsd/surefire-test-report.xsd" name="runner.TestRunner" time="23.151" tests="0" errors="0" skipped="0" failures="0">
  <properties>
    <property name="sun.desktop" value="windows"/>
    <property name="awt.toolkit" value="sun.awt.windows.WToolkit"/>
    <property name="file.encoding.pkg" value="sun.io"/>
    <property name="java.specification.version" value="1.8"/>
    <property name="sun.cpu.isalist" value="amd64"/>
    <property name="sun.jnu.encoding" value="Cp1252"/>
    <property name="java.class.path" value="E:\Santosh_Automation\GitProjects\cucumber-pom\target\test-classes;E:\Santosh_Automation\GitProjects\cucumber-pom\target\classes;C:\Users\Admin\.m2\repository\junit\junit\4.12\junit-4.12.jar;C:\Users\Admin\.m2\repository\org\hamcrest\hamcrest-core\1.3\hamcrest-core-1.3.jar;C:\Users\Admin\.m2\repository\org\hamcrest\hamcrest-all\1.3\hamcrest-all-1.3.jar;C:\Users\Admin\.m2\repository\org\seleniumhq\selenium\selenium-java\3.0.0\selenium-java-3.0.0.jar;C:\Users\Admin\.m2\repository\org\seleniumhq\selenium\selenium-chrome-driver\3.0.0\selenium-chrome-driver-3.0.0.jar;C:\Users\Admin\.m2\repository\org\seleniumhq\selenium\selenium-remote-driver\3.0.0\selenium-remote-driver-3.0.0.jar;C:\Users\Admin\.m2\repository\org\seleniumhq\selenium\selenium-api\3.0.0\selenium-api-3.0.0.jar;C:\Users\Admin\.m2\repository\cglib\cglib-nodep\3.2.4\cglib-nodep-3.2.4.jar;C:\Users\Admin\.m2\repository\org\apache\commons\commons-exec\1.3\commons-exec-1.3.jar;C:\Users\Admin\.m2\repository\com\google\code\gson\gson\2.3.1\gson-2.3.1.jar;C:\Users\Admin\.m2\repository\com\google\guava\guava\19.0\guava-19.0.jar;C:\Users\Admin\.m2\repository\org\apache\httpcomponents\httpmime\4.5.2\httpmime-4.5.2.jar;C:\Users\Admin\.m2\repository\org\apache\httpcomponents\httpclient\4.5.2\httpclient-4.5.2.jar;C:\Users\Admin\.m2\repository\org\apache\httpcomponents\httpcore\4.4.4\httpcore-4.4.4.jar;C:\Users\Admin\.m2\repository\net\java\dev\jna\jna-platform\4.1.0\jna-platform-4.1.0.jar;C:\Users\Admin\.m2\repository\net\java\dev\jna\jna\4.1.0\jna-4.1.0.jar;C:\Users\Admin\.m2\repository\org\seleniumhq\selenium\selenium-edge-driver\3.0.0\selenium-edge-driver-3.0.0.jar;C:\Users\Admin\.m2\repository\org\seleniumhq\selenium\selenium-firefox-driver\3.0.0\selenium-firefox-driver-3.0.0.jar;C:\Users\Admin\.m2\repository\org\seleniumhq\selenium\selenium-ie-driver\3.0.0\selenium-ie-driver-3.0.0.jar;C:\Users\Admin\.m2\repository\org\seleniumhq\selenium\selenium-opera-driver\3.0.0\selenium-opera-driver-3.0.0.jar;C:\Users\Admin\.m2\repository\org\seleniumhq\selenium\selenium-safari-driver\3.0.0\selenium-safari-driver-3.0.0.jar;C:\Users\Admin\.m2\repository\io\netty\netty\3.5.7.Final\netty-3.5.7.Final.jar;C:\Users\Admin\.m2\repository\org\seleniumhq\selenium\selenium-support\3.0.0\selenium-support-3.0.0.jar;C:\Users\Admin\.m2\repository\com\codeborne\phantomjsdriver\1.3.0\phantomjsdriver-1.3.0.jar;C:\Users\Admin\.m2\repository\io\cucumber\cucumber-java8\3.0.2\cucumber-java8-3.0.2.jar;C:\Users\Admin\.m2\repository\io\cucumber\cucumber-java\3.0.2\cucumber-java-3.0.2.jar;C:\Users\Admin\.m2\repository\net\jodah\typetools\0.5.0\typetools-0.5.0.jar;C:\Users\Admin\.m2\repository\io\cucumber\cucumber-junit\3.0.2\cucumber-junit-3.0.2.jar;C:\Users\Admin\.m2\repository\io\cucumber\cucumber-core\3.0.2\cucumber-core-3.0.2.jar;C:\Users\Admin\.m2\repository\io\cucumber\cucumber-html\0.2.7\cucumber-html-0.2.7.jar;C:\Users\Admin\.m2\repository\io\cucumber\gherkin\5.0.0\gherkin-5.0.0.jar;C:\Users\Admin\.m2\repository\io\cucumber\tag-expressions\1.1.1\tag-expressions-1.1.1.jar;C:\Users\Admin\.m2\repository\io\cucumber\cucumber-expressions\5.0.19\cucumber-expressions-5.0.19.jar;C:\Users\Admin\.m2\repository\io\cucumber\datatable\1.0.3\datatable-1.0.3.jar;C:\Users\Admin\.m2\repository\io\cucumber\datatable-dependencies\1.0.3\datatable-dependencies-1.0.3.jar;C:\Users\Admin\.m2\repository\com\github\mkolisnyk\cucumber-reports\1.0.7\cucumber-reports-1.0.7.jar;C:\Users\Admin\.m2\repository\xml-apis\xml-apis\1.4.01\xml-apis-1.4.01.jar;C:\Users\Admin\.m2\repository\batik\batik-transcoder\1.6-1\batik-transcoder-1.6-1.jar;C:\Users\Admin\.m2\repository\batik\batik-bridge\1.6-1\batik-bridge-1.6-1.jar;C:\Users\Admin\.m2\repository\batik\batik-gvt\1.6-1\batik-gvt-1.6-1.jar;C:\Users\Admin\.m2\repository\batik\batik-awt-util\1.6-1\batik-awt-util-1.6-1.jar;C:\Users\Admin\.m2\repository\batik\batik-util\1.6-1\batik-util-1.6-1.jar;C:\Users\Admin\.m2\repository\batik\batik-gui-util\1.6-1\batik-gui-util-1.6-1.jar;C:\Users\Admin\.m2\repository\batik\batik-ext\1.6-1\batik-ext-1.6-1.jar;C:\Users\Admin\.m2\repository\xml-apis\xmlParserAPIs\2.0.2\xmlParserAPIs-2.0.2.jar;C:\Users\Admin\.m2\repository\batik\batik-script\1.6-1\batik-script-1.6-1.jar;C:\Users\Admin\.m2\repository\rhino\js\1.5R4.1\js-1.5R4.1.jar;C:\Users\Admin\.m2\repository\batik\batik-svg-dom\1.6-1\batik-svg-dom-1.6-1.jar;C:\Users\Admin\.m2\repository\batik\batik-dom\1.6-1\batik-dom-1.6-1.jar;C:\Users\Admin\.m2\repository\batik\batik-css\1.6-1\batik-css-1.6-1.jar;C:\Users\Admin\.m2\repository\batik\batik-xml\1.6-1\batik-xml-1.6-1.jar;C:\Users\Admin\.m2\repository\xerces\xercesImpl\2.5.0\xercesImpl-2.5.0.jar;C:\Users\Admin\.m2\repository\batik\batik-parser\1.6-1\batik-parser-1.6-1.jar;C:\Users\Admin\.m2\repository\com\itextpdf\itextpdf\5.5.8\itextpdf-5.5.8.jar;C:\Users\Admin\.m2\repository\com\cedarsoftware\json-io\2.2.31\json-io-2.2.31.jar;C:\Users\Admin\.m2\repository\info\cukes\cucumber-junit\1.2.4\cucumber-junit-1.2.4.jar;C:\Users\Admin\.m2\repository\info\cukes\cucumber-core\1.2.4\cucumber-core-1.2.4.jar;C:\Users\Admin\.m2\repository\info\cukes\cucumber-html\0.2.3\cucumber-html-0.2.3.jar;C:\Users\Admin\.m2\repository\info\cukes\cucumber-jvm-deps\1.0.5\cucumber-jvm-deps-1.0.5.jar;C:\Users\Admin\.m2\repository\info\cukes\gherkin\2.12.2\gherkin-2.12.2.jar;C:\Users\Admin\.m2\repository\info\cukes\cucumber-testng\1.2.4\cucumber-testng-1.2.4.jar;C:\Users\Admin\.m2\repository\org\testng\testng\6.9.4\testng-6.9.4.jar;C:\Users\Admin\.m2\repository\org\beanshell\bsh\2.0b4\bsh-2.0b4.jar;C:\Users\Admin\.m2\repository\com\beust\jcommander\1.48\jcommander-1.48.jar;C:\Users\Admin\.m2\repository\org\xhtmlrenderer\flying-saucer-pdf\9.0.8\flying-saucer-pdf-9.0.8.jar;C:\Users\Admin\.m2\repository\com\lowagie\itext\2.1.7\itext-2.1.7.jar;C:\Users\Admin\.m2\repository\bouncycastle\bcmail-jdk14\138\bcmail-jdk14-138.jar;C:\Users\Admin\.m2\repository\bouncycastle\bcprov-jdk14\138\bcprov-jdk14-138.jar;C:\Users\Admin\.m2\repository\org\bouncycastle\bctsp-jdk14\1.38\bctsp-jdk14-1.38.jar;C:\Users\Admin\.m2\repository\org\xhtmlrenderer\flying-saucer-core\9.0.8\flying-saucer-core-9.0.8.jar;C:\Users\Admin\.m2\repository\org\apache\commons\commons-lang3\3.4\commons-lang3-3.4.jar;C:\Users\Admin\.m2\repository\commons-codec\commons-codec\1.10\commons-codec-1.10.jar;C:\Users\Admin\.m2\repository\org\javassist\javassist\3.20.0-GA\javassist-3.20.0-GA.jar;C:\Users\Admin\.m2\repository\joda-time\joda-time\2.9.1\joda-time-2.9.1.jar;C:\Users\Admin\.m2\repository\org\codehaus\plexus\plexus-utils\3.0.1\plexus-utils-3.0.1.jar;C:\Users\Admin\.m2\repository\org\apache\maven\maven-plugin-api\2.0\maven-plugin-api-2.0.jar;C:\Users\Admin\.m2\repository\org\apache\maven\reporting\maven-reporting-api\2.0.8\maven-reporting-api-2.0.8.jar;C:\Users\Admin\.m2\repository\org\apache\maven\doxia\doxia-sink-api\1.0-alpha-9\doxia-sink-api-1.0-alpha-9.jar;C:\Users\Admin\.m2\repository\org\apache\maven\reporting\maven-reporting-impl\2.0.4.3\maven-reporting-impl-2.0.4.3.jar;C:\Users\Admin\.m2\repository\org\apache\maven\maven-project\2.0.4\maven-project-2.0.4.jar;C:\Users\Admin\.m2\repository\org\apache\maven\maven-settings\2.0.4\maven-settings-2.0.4.jar;C:\Users\Admin\.m2\repository\org\apache\maven\maven-profile\2.0.4\maven-profile-2.0.4.jar;C:\Users\Admin\.m2\repository\org\apache\maven\maven-model\2.0.4\maven-model-2.0.4.jar;C:\Users\Admin\.m2\repository\org\apache\maven\maven-artifact-manager\2.0.4\maven-artifact-manager-2.0.4.jar;C:\Users\Admin\.m2\repository\org\apache\maven\maven-repository-metadata\2.0.4\maven-repository-metadata-2.0.4.jar;C:\Users\Admin\.m2\repository\org\apache\maven\wagon\wagon-provider-api\1.0-alpha-6\wagon-provider-api-1.0-alpha-6.jar;C:\Users\Admin\.m2\repository\org\apache\maven\maven-artifact\2.0.4\maven-artifact-2.0.4.jar;C:\Users\Admin\.m2\repository\org\codehaus\plexus\plexus-container-default\1.0-alpha-9\plexus-container-default-1.0-alpha-9.jar;C:\Users\Admin\.m2\repository\classworlds\classworlds\1.1-alpha-2\classworlds-1.1-alpha-2.jar;C:\Users\Admin\.m2\repository\org\apache\maven\doxia\doxia-core\1.0\doxia-core-1.0.jar;C:\Users\Admin\.m2\repository\org\apache\maven\doxia\doxia-site-renderer\1.0\doxia-site-renderer-1.0.jar;C:\Users\Admin\.m2\repository\org\codehaus\plexus\plexus-i18n\1.0-beta-7\plexus-i18n-1.0-beta-7.jar;C:\Users\Admin\.m2\repository\org\codehaus\plexus\plexus-velocity\1.1.7\plexus-velocity-1.1.7.jar;C:\Users\Admin\.m2\repository\org\apache\velocity\velocity\1.5\velocity-1.5.jar;C:\Users\Admin\.m2\repository\commons-lang\commons-lang\2.1\commons-lang-2.1.jar;C:\Users\Admin\.m2\repository\org\apache\maven\doxia\doxia-decoration-model\1.0\doxia-decoration-model-1.0.jar;C:\Users\Admin\.m2\repository\commons-collections\commons-collections\3.2\commons-collections-3.2.jar;C:\Users\Admin\.m2\repository\org\apache\maven\doxia\doxia-module-apt\1.0\doxia-module-apt-1.0.jar;C:\Users\Admin\.m2\repository\org\apache\maven\doxia\doxia-module-fml\1.0\doxia-module-fml-1.0.jar;C:\Users\Admin\.m2\repository\org\apache\maven\doxia\doxia-module-xdoc\1.0\doxia-module-xdoc-1.0.jar;C:\Users\Admin\.m2\repository\org\apache\maven\doxia\doxia-module-xhtml\1.0\doxia-module-xhtml-1.0.jar;C:\Users\Admin\.m2\repository\commons-validator\commons-validator\1.2.0\commons-validator-1.2.0.jar;C:\Users\Admin\.m2\repository\commons-beanutils\commons-beanutils\1.7.0\commons-beanutils-1.7.0.jar;C:\Users\Admin\.m2\repository\commons-digester\commons-digester\1.6\commons-digester-1.6.jar;C:\Users\Admin\.m2\repository\commons-logging\commons-logging\1.0.4\commons-logging-1.0.4.jar;C:\Users\Admin\.m2\repository\oro\oro\2.0.8\oro-2.0.8.jar;C:\Users\Admin\.m2\repository\org\apache\maven\shared\maven-doxia-tools\1.0.2\maven-doxia-tools-1.0.2.jar;C:\Users\Admin\.m2\repository\commons-io\commons-io\1.4\commons-io-1.4.jar;C:\Users\Admin\.m2\repository\org\apache\logging\log4j\log4j-api\2.8.2\log4j-api-2.8.2.jar;C:\Users\Admin\.m2\repository\org\apache\logging\log4j\log4j-core\2.8.2\log4j-core-2.8.2.jar;C:\Users\Admin\.m2\repository\org\apache\maven\surefire\surefire-testng-utils\2.22.0\surefire-testng-utils-2.22.0.jar;C:\Users\Admin\.m2\repository\org\apache\maven\surefire\surefire-grouper\2.22.0\surefire-grouper-2.22.0.jar;"/>
    <property name="java.vm.vendor" value="Oracle Corporation"/>
    <property name="sun.arch.data.model" value="64"/>
    <property name="user.variant" value=""/>
    <property name="java.vendor.url" value="http://java.oracle.com/"/>
    <property name="user.timezone" value="Asia/Calcutta"/>
    <property name="java.vm.specification.version" value="1.8"/>
    <property name="os.name" value="Windows 10"/>
    <property name="user.country" value="US"/>
    <property name="sun.java.launcher" value="SUN_STANDARD"/>
    <property name="sun.boot.library.path" value="C:\Program Files\Java\jdk1.8.0_191\jre\bin"/>
    <property name="sun.java.command" value="C:\Users\Admin\AppData\Local\Temp\surefire2227988889955459806\surefirebooter1128088054330518622.jar C:\Users\Admin\AppData\Local\Temp\surefire2227988889955459806 2019-10-22T15-35-00_900-jvmRun1 surefire1803125978110046479tmp surefire_02654347473302236570tmp"/>
    <property name="surefire.test.class.path" value="E:\Santosh_Automation\GitProjects\cucumber-pom\target\test-classes;E:\Santosh_Automation\GitProjects\cucumber-pom\target\classes;C:\Users\Admin\.m2\repository\junit\junit\4.12\junit-4.12.jar;C:\Users\Admin\.m2\repository\org\hamcrest\hamcrest-core\1.3\hamcrest-core-1.3.jar;C:\Users\Admin\.m2\repository\org\hamcrest\hamcrest-all\1.3\hamcrest-all-1.3.jar;C:\Users\Admin\.m2\repository\org\seleniumhq\selenium\selenium-java\3.0.0\selenium-java-3.0.0.jar;C:\Users\Admin\.m2\repository\org\seleniumhq\selenium\selenium-chrome-driver\3.0.0\selenium-chrome-driver-3.0.0.jar;C:\Users\Admin\.m2\repository\org\seleniumhq\selenium\selenium-remote-driver\3.0.0\selenium-remote-driver-3.0.0.jar;C:\Users\Admin\.m2\repository\org\seleniumhq\selenium\selenium-api\3.0.0\selenium-api-3.0.0.jar;C:\Users\Admin\.m2\repository\cglib\cglib-nodep\3.2.4\cglib-nodep-3.2.4.jar;C:\Users\Admin\.m2\repository\org\apache\commons\commons-exec\1.3\commons-exec-1.3.jar;C:\Users\Admin\.m2\repository\com\google\code\gson\gson\2.3.1\gson-2.3.1.jar;C:\Users\Admin\.m2\repository\com\google\guava\guava\19.0\guava-19.0.jar;C:\Users\Admin\.m2\repository\org\apache\httpcomponents\httpmime\4.5.2\httpmime-4.5.2.jar;C:\Users\Admin\.m2\repository\org\apache\httpcomponents\httpclient\4.5.2\httpclient-4.5.2.jar;C:\Users\Admin\.m2\repository\org\apache\httpcomponents\httpcore\4.4.4\httpcore-4.4.4.jar;C:\Users\Admin\.m2\repository\net\java\dev\jna\jna-platform\4.1.0\jna-platform-4.1.0.jar;C:\Users\Admin\.m2\repository\net\java\dev\jna\jna\4.1.0\jna-4.1.0.jar;C:\Users\Admin\.m2\repository\org\seleniumhq\selenium\selenium-edge-driver\3.0.0\selenium-edge-driver-3.0.0.jar;C:\Users\Admin\.m2\repository\org\seleniumhq\selenium\selenium-firefox-driver\3.0.0\selenium-firefox-driver-3.0.0.jar;C:\Users\Admin\.m2\repository\org\seleniumhq\selenium\selenium-ie-driver\3.0.0\selenium-ie-driver-3.0.0.jar;C:\Users\Admin\.m2\repository\org\seleniumhq\selenium\selenium-opera-driver\3.0.0\selenium-opera-driver-3.0.0.jar;C:\Users\Admin\.m2\repository\org\seleniumhq\selenium\selenium-safari-driver\3.0.0\selenium-safari-driver-3.0.0.jar;C:\Users\Admin\.m2\repository\io\netty\netty\3.5.7.Final\netty-3.5.7.Final.jar;C:\Users\Admin\.m2\repository\org\seleniumhq\selenium\selenium-support\3.0.0\selenium-support-3.0.0.jar;C:\Users\Admin\.m2\repository\com\codeborne\phantomjsdriver\1.3.0\phantomjsdriver-1.3.0.jar;C:\Users\Admin\.m2\repository\io\cucumber\cucumber-java8\3.0.2\cucumber-java8-3.0.2.jar;C:\Users\Admin\.m2\repository\io\cucumber\cucumber-java\3.0.2\cucumber-java-3.0.2.jar;C:\Users\Admin\.m2\repository\net\jodah\typetools\0.5.0\typetools-0.5.0.jar;C:\Users\Admin\.m2\repository\io\cucumber\cucumber-junit\3.0.2\cucumber-junit-3.0.2.jar;C:\Users\Admin\.m2\repository\io\cucumber\cucumber-core\3.0.2\cucumber-core-3.0.2.jar;C:\Users\Admin\.m2\repository\io\cucumber\cucumber-html\0.2.7\cucumber-html-0.2.7.jar;C:\Users\Admin\.m2\repository\io\cucumber\gherkin\5.0.0\gherkin-5.0.0.jar;C:\Users\Admin\.m2\repository\io\cucumber\tag-expressions\1.1.1\tag-expressions-1.1.1.jar;C:\Users\Admin\.m2\repository\io\cucumber\cucumber-expressions\5.0.19\cucumber-expressions-5.0.19.jar;C:\Users\Admin\.m2\repository\io\cucumber\datatable\1.0.3\datatable-1.0.3.jar;C:\Users\Admin\.m2\repository\io\cucumber\datatable-dependencies\1.0.3\datatable-dependencies-1.0.3.jar;C:\Users\Admin\.m2\repository\com\github\mkolisnyk\cucumber-reports\1.0.7\cucumber-reports-1.0.7.jar;C:\Users\Admin\.m2\repository\xml-apis\xml-apis\1.4.01\xml-apis-1.4.01.jar;C:\Users\Admin\.m2\repository\batik\batik-transcoder\1.6-1\batik-transcoder-1.6-1.jar;C:\Users\Admin\.m2\repository\batik\batik-bridge\1.6-1\batik-bridge-1.6-1.jar;C:\Users\Admin\.m2\repository\batik\batik-gvt\1.6-1\batik-gvt-1.6-1.jar;C:\Users\Admin\.m2\repository\batik\batik-awt-util\1.6-1\batik-awt-util-1.6-1.jar;C:\Users\Admin\.m2\repository\batik\batik-util\1.6-1\batik-util-1.6-1.jar;C:\Users\Admin\.m2\repository\batik\batik-gui-util\1.6-1\batik-gui-util-1.6-1.jar;C:\Users\Admin\.m2\repository\batik\batik-ext\1.6-1\batik-ext-1.6-1.jar;C:\Users\Admin\.m2\repository\xml-apis\xmlParserAPIs\2.0.2\xmlParserAPIs-2.0.2.jar;C:\Users\Admin\.m2\repository\batik\batik-script\1.6-1\batik-script-1.6-1.jar;C:\Users\Admin\.m2\repository\rhino\js\1.5R4.1\js-1.5R4.1.jar;C:\Users\Admin\.m2\repository\batik\batik-svg-dom\1.6-1\batik-svg-dom-1.6-1.jar;C:\Users\Admin\.m2\repository\batik\batik-dom\1.6-1\batik-dom-1.6-1.jar;C:\Users\Admin\.m2\repository\batik\batik-css\1.6-1\batik-css-1.6-1.jar;C:\Users\Admin\.m2\repository\batik\batik-xml\1.6-1\batik-xml-1.6-1.jar;C:\Users\Admin\.m2\repository\xerces\xercesImpl\2.5.0\xercesImpl-2.5.0.jar;C:\Users\Admin\.m2\repository\batik\batik-parser\1.6-1\batik-parser-1.6-1.jar;C:\Users\Admin\.m2\repository\com\itextpdf\itextpdf\5.5.8\itextpdf-5.5.8.jar;C:\Users\Admin\.m2\repository\com\cedarsoftware\json-io\2.2.31\json-io-2.2.31.jar;C:\Users\Admin\.m2\repository\info\cukes\cucumber-junit\1.2.4\cucumber-junit-1.2.4.jar;C:\Users\Admin\.m2\repository\info\cukes\cucumber-core\1.2.4\cucumber-core-1.2.4.jar;C:\Users\Admin\.m2\repository\info\cukes\cucumber-html\0.2.3\cucumber-html-0.2.3.jar;C:\Users\Admin\.m2\repository\info\cukes\cucumber-jvm-deps\1.0.5\cucumber-jvm-deps-1.0.5.jar;C:\Users\Admin\.m2\repository\info\cukes\gherkin\2.12.2\gherkin-2.12.2.jar;C:\Users\Admin\.m2\repository\info\cukes\cucumber-testng\1.2.4\cucumber-testng-1.2.4.jar;C:\Users\Admin\.m2\repository\org\testng\testng\6.9.4\testng-6.9.4.jar;C:\Users\Admin\.m2\repository\org\beanshell\bsh\2.0b4\bsh-2.0b4.jar;C:\Users\Admin\.m2\repository\com\beust\jcommander\1.48\jcommander-1.48.jar;C:\Users\Admin\.m2\repository\org\xhtmlrenderer\flying-saucer-pdf\9.0.8\flying-saucer-pdf-9.0.8.jar;C:\Users\Admin\.m2\repository\com\lowagie\itext\2.1.7\itext-2.1.7.jar;C:\Users\Admin\.m2\repository\bouncycastle\bcmail-jdk14\138\bcmail-jdk14-138.jar;C:\Users\Admin\.m2\repository\bouncycastle\bcprov-jdk14\138\bcprov-jdk14-138.jar;C:\Users\Admin\.m2\repository\org\bouncycastle\bctsp-jdk14\1.38\bctsp-jdk14-1.38.jar;C:\Users\Admin\.m2\repository\org\xhtmlrenderer\flying-saucer-core\9.0.8\flying-saucer-core-9.0.8.jar;C:\Users\Admin\.m2\repository\org\apache\commons\commons-lang3\3.4\commons-lang3-3.4.jar;C:\Users\Admin\.m2\repository\commons-codec\commons-codec\1.10\commons-codec-1.10.jar;C:\Users\Admin\.m2\repository\org\javassist\javassist\3.20.0-GA\javassist-3.20.0-GA.jar;C:\Users\Admin\.m2\repository\joda-time\joda-time\2.9.1\joda-time-2.9.1.jar;C:\Users\Admin\.m2\repository\org\codehaus\plexus\plexus-utils\3.0.1\plexus-utils-3.0.1.jar;C:\Users\Admin\.m2\repository\org\apache\maven\maven-plugin-api\2.0\maven-plugin-api-2.0.jar;C:\Users\Admin\.m2\repository\org\apache\maven\reporting\maven-reporting-api\2.0.8\maven-reporting-api-2.0.8.jar;C:\Users\Admin\.m2\repository\org\apache\maven\doxia\doxia-sink-api\1.0-alpha-9\doxia-sink-api-1.0-alpha-9.jar;C:\Users\Admin\.m2\repository\org\apache\maven\reporting\maven-reporting-impl\2.0.4.3\maven-reporting-impl-2.0.4.3.jar;C:\Users\Admin\.m2\repository\org\apache\maven\maven-project\2.0.4\maven-project-2.0.4.jar;C:\Users\Admin\.m2\repository\org\apache\maven\maven-settings\2.0.4\maven-settings-2.0.4.jar;C:\Users\Admin\.m2\repository\org\apache\maven\maven-profile\2.0.4\maven-profile-2.0.4.jar;C:\Users\Admin\.m2\repository\org\apache\maven\maven-model\2.0.4\maven-model-2.0.4.jar;C:\Users\Admin\.m2\repository\org\apache\maven\maven-artifact-manager\2.0.4\maven-artifact-manager-2.0.4.jar;C:\Users\Admin\.m2\repository\org\apache\maven\maven-repository-metadata\2.0.4\maven-repository-metadata-2.0.4.jar;C:\Users\Admin\.m2\repository\org\apache\maven\wagon\wagon-provider-api\1.0-alpha-6\wagon-provider-api-1.0-alpha-6.jar;C:\Users\Admin\.m2\repository\org\apache\maven\maven-artifact\2.0.4\maven-artifact-2.0.4.jar;C:\Users\Admin\.m2\repository\org\codehaus\plexus\plexus-container-default\1.0-alpha-9\plexus-container-default-1.0-alpha-9.jar;C:\Users\Admin\.m2\repository\classworlds\classworlds\1.1-alpha-2\classworlds-1.1-alpha-2.jar;C:\Users\Admin\.m2\repository\org\apache\maven\doxia\doxia-core\1.0\doxia-core-1.0.jar;C:\Users\Admin\.m2\repository\org\apache\maven\doxia\doxia-site-renderer\1.0\doxia-site-renderer-1.0.jar;C:\Users\Admin\.m2\repository\org\codehaus\plexus\plexus-i18n\1.0-beta-7\plexus-i18n-1.0-beta-7.jar;C:\Users\Admin\.m2\repository\org\codehaus\plexus\plexus-velocity\1.1.7\plexus-velocity-1.1.7.jar;C:\Users\Admin\.m2\repository\org\apache\velocity\velocity\1.5\velocity-1.5.jar;C:\Users\Admin\.m2\repository\commons-lang\commons-lang\2.1\commons-lang-2.1.jar;C:\Users\Admin\.m2\repository\org\apache\maven\doxia\doxia-decoration-model\1.0\doxia-decoration-model-1.0.jar;C:\Users\Admin\.m2\repository\commons-collections\commons-collections\3.2\commons-collections-3.2.jar;C:\Users\Admin\.m2\repository\org\apache\maven\doxia\doxia-module-apt\1.0\doxia-module-apt-1.0.jar;C:\Users\Admin\.m2\repository\org\apache\maven\doxia\doxia-module-fml\1.0\doxia-module-fml-1.0.jar;C:\Users\Admin\.m2\repository\org\apache\maven\doxia\doxia-module-xdoc\1.0\doxia-module-xdoc-1.0.jar;C:\Users\Admin\.m2\repository\org\apache\maven\doxia\doxia-module-xhtml\1.0\doxia-module-xhtml-1.0.jar;C:\Users\Admin\.m2\repository\commons-validator\commons-validator\1.2.0\commons-validator-1.2.0.jar;C:\Users\Admin\.m2\repository\commons-beanutils\commons-beanutils\1.7.0\commons-beanutils-1.7.0.jar;C:\Users\Admin\.m2\repository\commons-digester\commons-digester\1.6\commons-digester-1.6.jar;C:\Users\Admin\.m2\repository\commons-logging\commons-logging\1.0.4\commons-logging-1.0.4.jar;C:\Users\Admin\.m2\repository\oro\oro\2.0.8\oro-2.0.8.jar;C:\Users\Admin\.m2\repository\org\apache\maven\shared\maven-doxia-tools\1.0.2\maven-doxia-tools-1.0.2.jar;C:\Users\Admin\.m2\repository\commons-io\commons-io\1.4\commons-io-1.4.jar;C:\Users\Admin\.m2\repository\org\apache\logging\log4j\log4j-api\2.8.2\log4j-api-2.8.2.jar;C:\Users\Admin\.m2\repository\org\apache\logging\log4j\log4j-core\2.8.2\log4j-core-2.8.2.jar;C:\Users\Admin\.m2\repository\org\apache\maven\surefire\surefire-testng-utils\2.22.0\surefire-testng-utils-2.22.0.jar;C:\Users\Admin\.m2\repository\org\apache\maven\surefire\surefire-grouper\2.22.0\surefire-grouper-2.22.0.jar;"/>
    <property name="sun.cpu.endian" value="little"/>
    <property name="user.home" value="C:\Users\Admin"/>
    <property name="user.language" value="en"/>
    <property name="java.specification.vendor" value="Oracle Corporation"/>
    <property name="java.home" value="C:\Program Files\Java\jdk1.8.0_191\jre"/>
    <property name="basedir" value="E:\Santosh_Automation\GitProjects\cucumber-pom"/>
    <property name="file.separator" value="\"/>
    <property name="line.separator" value="&#10;"/>
    <property name="java.vm.specification.vendor" value="Oracle Corporation"/>
    <property name="java.specification.name" value="Java Platform API Specification"/>
    <property name="java.awt.graphicsenv" value="sun.awt.Win32GraphicsEnvironment"/>
    <property name="surefire.real.class.path" value="C:\Users\Admin\AppData\Local\Temp\surefire2227988889955459806\surefirebooter1128088054330518622.jar"/>
    <property name="sun.boot.class.path" value="C:\Program Files\Java\jdk1.8.0_191\jre\lib\resources.jar;C:\Program Files\Java\jdk1.8.0_191\jre\lib\rt.jar;C:\Program Files\Java\jdk1.8.0_191\jre\lib\sunrsasign.jar;C:\Program Files\Java\jdk1.8.0_191\jre\lib\jsse.jar;C:\Program Files\Java\jdk1.8.0_191\jre\lib\jce.jar;C:\Program Files\Java\jdk1.8.0_191\jre\lib\charsets.jar;C:\Program Files\Java\jdk1.8.0_191\jre\lib\jfr.jar;C:\Program Files\Java\jdk1.8.0_191\jre\classes"/>
    <property name="user.script" value=""/>
    <property name="sun.management.compiler" value="HotSpot 64-Bit Tiered Compilers"/>
    <property name="java.runtime.version" value="1.8.0_191-b12"/>
    <property name="user.name" value="Admin"/>
    <property name="path.separator" value=";"/>
    <property name="os.version" value="10.0"/>
    <property name="java.endorsed.dirs" value="C:\Program Files\Java\jdk1.8.0_191\jre\lib\endorsed"/>
    <property name="java.runtime.name" value="Java(TM) SE Runtime Environment"/>
    <property name="file.encoding" value="Cp1252"/>
    <property name="java.vm.name" value="Java HotSpot(TM) 64-Bit Server VM"/>
    <property name="localRepository" value="C:\Users\Admin\.m2\repository"/>
    <property name="java.vendor.url.bug" value="http://bugreport.sun.com/bugreport/"/>
    <property name="java.io.tmpdir" value="C:\Users\Admin\AppData\Local\Temp\"/>
    <property name="java.version" value="1.8.0_191"/>
    <property name="user.dir" value="E:\Santosh_Automation\GitProjects\cucumber-pom"/>
    <property name="os.arch" value="amd64"/>
    <property name="java.vm.specification.name" value="Java Virtual Machine Specification"/>
    <property name="java.awt.printerjob" value="sun.awt.windows.WPrinterJob"/>
    <property name="sun.os.patch.level" value=""/>
    <property name="java.library.path" value="C:\Program Files\Java\jdk1.8.0_191\jre\bin;C:\Windows\Sun\Java\bin;C:\Windows\system32;C:\Windows;C:\Program Files (x86)\Common Files\Oracle\Java\javapath;C:\Windows\system32;C:\Windows;C:\Windows\System32\Wbem;C:\Windows\System32\WindowsPowerShell\v1.0\;C:\Windows\System32\OpenSSH\;%JAVA_HOME%\bin;C:\Program Files\Git\cmd;C:\apache-maven-3.6.2\bin;C:\Users\Admin\AppData\Local\Microsoft\WindowsApps;;."/>
    <property name="java.vm.info" value="mixed mode"/>
    <property name="java.vendor" value="Oracle Corporation"/>
    <property name="java.vm.version" value="25.191-b12"/>
    <property name="java.ext.dirs" value="C:\Program Files\Java\jdk1.8.0_191\jre\lib\ext;C:\Windows\Sun\Java\lib\ext"/>
    <property name="sun.io.unicode.encoding" value="UnicodeLittle"/>
    <property name="java.class.version" value="52.0"/>
  </properties>
</testsuite>