<?xml version="1.0" encoding="UTF-8"?>
<testsuite xmlns:xsi="http://www.w3.org/2001/XMLSchema-instance" xsi:schemaLocation="https://maven.apache.org/surefire/maven-surefire-plugin/xsd/surefire-test-report.xsd" name="runner.TestRunner" time="88.569" tests="5" errors="0" skipped="0" failures="0">
  <properties>
    <property name="java.runtime.name" value="Java(TM) SE Runtime Environment"/>
    <property name="cucumber.options" value="--tags @All"/>
    <property name="sun.boot.library.path" value="C:\Program Files\Java\jdk1.8.0_191\jre\bin"/>
    <property name="java.vm.version" value="25.191-b12"/>
    <property name="java.vm.vendor" value="Oracle Corporation"/>
    <property name="maven.multiModuleProjectDirectory" value="V:\Santosh_Automation\cucumber-pom"/>
    <property name="java.vendor.url" value="http://java.oracle.com/"/>
    <property name="path.separator" value=";"/>
    <property name="guice.disable.misplaced.annotation.check" value="true"/>
    <property name="java.vm.name" value="Java HotSpot(TM) 64-Bit Server VM"/>
    <property name="file.encoding.pkg" value="sun.io"/>
    <property name="user.script" value=""/>
    <property name="user.country" value="IN"/>
    <property name="sun.java.launcher" value="SUN_STANDARD"/>
    <property name="sun.os.patch.level" value=""/>
    <property name="java.vm.specification.name" value="Java Virtual Machine Specification"/>
    <property name="user.dir" value="V:\Santosh_Automation\cucumber-pom"/>
    <property name="java.runtime.version" value="1.8.0_191-b12"/>
    <property name="java.awt.graphicsenv" value="sun.awt.Win32GraphicsEnvironment"/>
    <property name="basedir" value="V:\Santosh_Automation\cucumber-pom"/>
    <property name="java.endorsed.dirs" value="C:\Program Files\Java\jdk1.8.0_191\jre\lib\endorsed"/>
    <property name="os.arch" value="amd64"/>
    <property name="java.io.tmpdir" value="C:\Users\Vishakha\AppData\Local\Temp\"/>
    <property name="line.separator" value="&#10;"/>
    <property name="java.vm.specification.vendor" value="Oracle Corporation"/>
    <property name="user.variant" value=""/>
    <property name="os.name" value="Windows 10"/>
    <property name="classworlds.conf" value="V:\Apache Maven\apache-maven-3.6.0\bin\..\bin\m2.conf"/>
    <property name="sun.jnu.encoding" value="Cp1252"/>
    <property name="jnidispatch.path" value="C:\Users\Vishakha\AppData\Local\Temp\jna-1647833867\jna1849988121630119084.dll"/>
    <property name="java.library.path" value="C:\Program Files\Java\jdk1.8.0_191\bin;C:\WINDOWS\Sun\Java\bin;C:\WINDOWS\system32;C:\WINDOWS;C:\Program Files (x86)\Common Files\Oracle\Java\javapath;C:\Program Files (x86)\Intel\iCLS Client\;C:\Program Files\Intel\iCLS Client\;C:\WINDOWS\system32;C:\WINDOWS;C:\WINDOWS\System32\Wbem;C:\WINDOWS\System32\WindowsPowerShell\v1.0\;C:\Program Files (x86)\Intel\Intel(R) Management Engine Components\DAL;C:\Program Files\Intel\Intel(R) Management Engine Components\DAL;C:\Program Files (x86)\Intel\Intel(R) Management Engine Components\IPT;C:\Program Files\Intel\Intel(R) Management Engine Components\IPT;c:\Program Files (x86)\ATI Technologies\ATI.ACE\Core-Static;C:\Program Files\Java\jdk1.8.0_191\bin;C:\Program Files\nodejs\;C:\Program Files\Git\cmd;V:\Apache Maven\apache-maven-3.6.0\bin;C:\Users\Vishakha\AppData\Local\Android\sdk\platform-tools;C:\Users\Vishakha\AppData\Local\Android\sdk\tools;C:\Users\Vishakha\AppData\Local\Android\sdk\tools\bin;C:\Gradle\gradle-5.1\bin;;C:\WINDOWS\System32\OpenSSH\;C:\Users\Vishakha\AppData\Local\Microsoft\WindowsApps;C:\Program Files\Microsoft VS Code\bin;C:\Users\Vishakha\AppData\Roaming\npm;."/>
    <property name="surefire.test.class.path" value="V:\Santosh_Automation\cucumber-pom\target\test-classes;V:\Santosh_Automation\cucumber-pom\target\classes;C:\Users\Vishakha\.m2\repository\junit\junit\4.12\junit-4.12.jar;C:\Users\Vishakha\.m2\repository\org\hamcrest\hamcrest-core\1.3\hamcrest-core-1.3.jar;C:\Users\Vishakha\.m2\repository\org\hamcrest\hamcrest-all\1.3\hamcrest-all-1.3.jar;C:\Users\Vishakha\.m2\repository\org\seleniumhq\selenium\selenium-java\3.0.0\selenium-java-3.0.0.jar;C:\Users\Vishakha\.m2\repository\org\seleniumhq\selenium\selenium-chrome-driver\3.0.0\selenium-chrome-driver-3.0.0.jar;C:\Users\Vishakha\.m2\repository\org\seleniumhq\selenium\selenium-remote-driver\3.0.0\selenium-remote-driver-3.0.0.jar;C:\Users\Vishakha\.m2\repository\org\seleniumhq\selenium\selenium-api\3.0.0\selenium-api-3.0.0.jar;C:\Users\Vishakha\.m2\repository\cglib\cglib-nodep\3.2.4\cglib-nodep-3.2.4.jar;C:\Users\Vishakha\.m2\repository\org\apache\commons\commons-exec\1.3\commons-exec-1.3.jar;C:\Users\Vishakha\.m2\repository\com\google\code\gson\gson\2.3.1\gson-2.3.1.jar;C:\Users\Vishakha\.m2\repository\com\google\guava\guava\19.0\guava-19.0.jar;C:\Users\Vishakha\.m2\repository\org\apache\httpcomponents\httpmime\4.5.2\httpmime-4.5.2.jar;C:\Users\Vishakha\.m2\repository\org\apache\httpcomponents\httpclient\4.5.2\httpclient-4.5.2.jar;C:\Users\Vishakha\.m2\repository\org\apache\httpcomponents\httpcore\4.4.4\httpcore-4.4.4.jar;C:\Users\Vishakha\.m2\repository\commons-logging\commons-logging\1.2\commons-logging-1.2.jar;C:\Users\Vishakha\.m2\repository\commons-codec\commons-codec\1.9\commons-codec-1.9.jar;C:\Users\Vishakha\.m2\repository\net\java\dev\jna\jna-platform\4.1.0\jna-platform-4.1.0.jar;C:\Users\Vishakha\.m2\repository\net\java\dev\jna\jna\4.1.0\jna-4.1.0.jar;C:\Users\Vishakha\.m2\repository\org\seleniumhq\selenium\selenium-edge-driver\3.0.0\selenium-edge-driver-3.0.0.jar;C:\Users\Vishakha\.m2\repository\org\seleniumhq\selenium\selenium-firefox-driver\3.0.0\selenium-firefox-driver-3.0.0.jar;C:\Users\Vishakha\.m2\repository\org\seleniumhq\selenium\selenium-ie-driver\3.0.0\selenium-ie-driver-3.0.0.jar;C:\Users\Vishakha\.m2\repository\org\seleniumhq\selenium\selenium-opera-driver\3.0.0\selenium-opera-driver-3.0.0.jar;C:\Users\Vishakha\.m2\repository\org\seleniumhq\selenium\selenium-safari-driver\3.0.0\selenium-safari-driver-3.0.0.jar;C:\Users\Vishakha\.m2\repository\io\netty\netty\3.5.7.Final\netty-3.5.7.Final.jar;C:\Users\Vishakha\.m2\repository\org\seleniumhq\selenium\selenium-support\3.0.0\selenium-support-3.0.0.jar;C:\Users\Vishakha\.m2\repository\com\codeborne\phantomjsdriver\1.3.0\phantomjsdriver-1.3.0.jar;C:\Users\Vishakha\.m2\repository\info\cukes\cucumber-java\1.2.5\cucumber-java-1.2.5.jar;C:\Users\Vishakha\.m2\repository\info\cukes\cucumber-core\1.2.5\cucumber-core-1.2.5.jar;C:\Users\Vishakha\.m2\repository\info\cukes\cucumber-html\0.2.3\cucumber-html-0.2.3.jar;C:\Users\Vishakha\.m2\repository\info\cukes\cucumber-jvm-deps\1.0.5\cucumber-jvm-deps-1.0.5.jar;C:\Users\Vishakha\.m2\repository\info\cukes\cucumber-junit\1.2.5\cucumber-junit-1.2.5.jar;C:\Users\Vishakha\.m2\repository\info\cukes\gherkin\2.12.2\gherkin-2.12.2.jar;C:\Users\Vishakha\.m2\repository\net\masterthought\cucumber-reporting\3.5.1\cucumber-reporting-3.5.1.jar;C:\Users\Vishakha\.m2\repository\com\fasterxml\jackson\core\jackson-databind\2.8.5\jackson-databind-2.8.5.jar;C:\Users\Vishakha\.m2\repository\com\fasterxml\jackson\core\jackson-annotations\2.8.0\jackson-annotations-2.8.0.jar;C:\Users\Vishakha\.m2\repository\com\fasterxml\jackson\core\jackson-core\2.8.5\jackson-core-2.8.5.jar;C:\Users\Vishakha\.m2\repository\org\apache\velocity\velocity\1.7\velocity-1.7.jar;C:\Users\Vishakha\.m2\repository\commons-collections\commons-collections\3.2.1\commons-collections-3.2.1.jar;C:\Users\Vishakha\.m2\repository\commons-lang\commons-lang\2.4\commons-lang-2.4.jar;C:\Users\Vishakha\.m2\repository\velocity-tools\velocity-tools\1.4\velocity-tools-1.4.jar;C:\Users\Vishakha\.m2\repository\joda-time\joda-time\2.9.6\joda-time-2.9.6.jar;C:\Users\Vishakha\.m2\repository\org\apache\commons\commons-lang3\3.5\commons-lang3-3.5.jar;C:\Users\Vishakha\.m2\repository\commons-io\commons-io\2.5\commons-io-2.5.jar;C:\Users\Vishakha\.m2\repository\net\lingala\zip4j\zip4j\1.3.2\zip4j-1.3.2.jar;C:\Users\Vishakha\.m2\repository\org\codehaus\plexus\plexus-utils\3.0.24\plexus-utils-3.0.24.jar;C:\Users\Vishakha\.m2\repository\org\jsoup\jsoup\1.10.1\jsoup-1.10.1.jar;C:\Users\Vishakha\.m2\repository\org\apache\logging\log4j\log4j-api\2.8.2\log4j-api-2.8.2.jar;C:\Users\Vishakha\.m2\repository\org\apache\logging\log4j\log4j-core\2.8.2\log4j-core-2.8.2.jar;"/>
    <property name="maven.conf" value="V:\Apache Maven\apache-maven-3.6.0\bin\../conf"/>
    <property name="java.specification.name" value="Java Platform API Specification"/>
    <property name="java.class.version" value="52.0"/>
    <property name="sun.management.compiler" value="HotSpot 64-Bit Tiered Compilers"/>
    <property name="os.version" value="10.0"/>
    <property name="library.jansi.path" value="V:\Apache Maven\apache-maven-3.6.0\bin\..\lib\jansi-native"/>
    <property name="user.home" value="C:\Users\Vishakha"/>
    <property name="user.timezone" value="Asia/Calcutta"/>
    <property name="java.awt.printerjob" value="sun.awt.windows.WPrinterJob"/>
    <property name="java.specification.version" value="1.8"/>
    <property name="file.encoding" value="Cp1252"/>
    <property name="user.name" value="Vishakha"/>
    <property name="java.class.path" value="V:\Apache Maven\apache-maven-3.6.0\bin\..\boot\plexus-classworlds-2.5.2.jar"/>
    <property name="java.vm.specification.version" value="1.8"/>
    <property name="sun.arch.data.model" value="64"/>
    <property name="java.home" value="C:\Program Files\Java\jdk1.8.0_191\jre"/>
    <property name="sun.java.command" value="org.codehaus.plexus.classworlds.launcher.Launcher -Dcucumber.options=--tags @All clean test"/>
    <property name="java.specification.vendor" value="Oracle Corporation"/>
    <property name="user.language" value="en"/>
    <property name="awt.toolkit" value="sun.awt.windows.WToolkit"/>
    <property name="java.vm.info" value="mixed mode"/>
    <property name="java.version" value="1.8.0_191"/>
    <property name="java.ext.dirs" value="C:\Program Files\Java\jdk1.8.0_191\jre\lib\ext;C:\WINDOWS\Sun\Java\lib\ext"/>
    <property name="sun.boot.class.path" value="C:\Program Files\Java\jdk1.8.0_191\jre\lib\resources.jar;C:\Program Files\Java\jdk1.8.0_191\jre\lib\rt.jar;C:\Program Files\Java\jdk1.8.0_191\jre\lib\sunrsasign.jar;C:\Program Files\Java\jdk1.8.0_191\jre\lib\jsse.jar;C:\Program Files\Java\jdk1.8.0_191\jre\lib\jce.jar;C:\Program Files\Java\jdk1.8.0_191\jre\lib\charsets.jar;C:\Program Files\Java\jdk1.8.0_191\jre\lib\jfr.jar;C:\Program Files\Java\jdk1.8.0_191\jre\classes"/>
    <property name="webdriver.chrome.driver" value="V:\Santosh_Automation\cucumber-pom/src/main/java/drivers/chromedriver.exe"/>
    <property name="sun.stderr.encoding" value="cp437"/>
    <property name="java.vendor" value="Oracle Corporation"/>
    <property name="maven.home" value="V:\Apache Maven\apache-maven-3.6.0\bin\.."/>
    <property name="localRepository" value="C:\Users\Vishakha\.m2\repository"/>
    <property name="file.separator" value="\"/>
    <property name="java.vendor.url.bug" value="http://bugreport.sun.com/bugreport/"/>
    <property name="sun.cpu.endian" value="little"/>
    <property name="sun.io.unicode.encoding" value="UnicodeLittle"/>
    <property name="sun.stdout.encoding" value="cp437"/>
    <property name="sun.desktop" value="windows"/>
    <property name="sun.cpu.isalist" value="amd64"/>
  </properties>
  <testcase name="Given User opens browser" classname="Scenario: Validate free crm home page test1" time="0.002"/>
  <testcase name="Then user on home page" classname="Scenario: Validate free crm home page test1" time="0"/>
  <testcase name="Then user log in" classname="Scenario: Validate free crm home page test1" time="0"/>
  <testcase name="Then user log out" classname="Scenario: Validate free crm home page test1" time="0"/>
  <testcase name="Scenario: Validate free crm home page test1" classname="Scenario: Validate free crm home page test1" time="15.612"/>
</testsuite>